mode: set
github.com/shuhrat-shokirov/wallet/pkg/wallet/service.go:18.31,20.2 1 0
github.com/shuhrat-shokirov/wallet/pkg/wallet/service.go:39.78,40.37 1 1
github.com/shuhrat-shokirov/wallet/pkg/wallet/service.go:46.2,56.21 4 1
github.com/shuhrat-shokirov/wallet/pkg/wallet/service.go:40.37,41.29 1 1
github.com/shuhrat-shokirov/wallet/pkg/wallet/service.go:41.29,43.4 1 1
github.com/shuhrat-shokirov/wallet/pkg/wallet/service.go:59.70,60.17 1 1
github.com/shuhrat-shokirov/wallet/pkg/wallet/service.go:64.2,65.16 2 1
github.com/shuhrat-shokirov/wallet/pkg/wallet/service.go:69.2,70.12 2 1
github.com/shuhrat-shokirov/wallet/pkg/wallet/service.go:60.17,62.3 1 1
github.com/shuhrat-shokirov/wallet/pkg/wallet/service.go:65.16,67.3 1 1
github.com/shuhrat-shokirov/wallet/pkg/wallet/service.go:73.116,74.17 1 1
github.com/shuhrat-shokirov/wallet/pkg/wallet/service.go:78.2,79.16 2 1
github.com/shuhrat-shokirov/wallet/pkg/wallet/service.go:83.2,83.30 1 1
github.com/shuhrat-shokirov/wallet/pkg/wallet/service.go:87.2,99.21 5 1
github.com/shuhrat-shokirov/wallet/pkg/wallet/service.go:74.17,76.3 1 1
github.com/shuhrat-shokirov/wallet/pkg/wallet/service.go:79.16,81.3 1 1
github.com/shuhrat-shokirov/wallet/pkg/wallet/service.go:83.30,86.3 1 1
github.com/shuhrat-shokirov/wallet/pkg/wallet/service.go:103.76,104.37 1 1
github.com/shuhrat-shokirov/wallet/pkg/wallet/service.go:110.2,110.32 1 1
github.com/shuhrat-shokirov/wallet/pkg/wallet/service.go:104.37,105.30 1 1
github.com/shuhrat-shokirov/wallet/pkg/wallet/service.go:105.30,107.4 1 1
github.com/shuhrat-shokirov/wallet/pkg/wallet/service.go:113.77,114.37 1 1
github.com/shuhrat-shokirov/wallet/pkg/wallet/service.go:120.2,120.32 1 1
github.com/shuhrat-shokirov/wallet/pkg/wallet/service.go:114.37,115.30 1 1
github.com/shuhrat-shokirov/wallet/pkg/wallet/service.go:115.30,117.4 1 1
github.com/shuhrat-shokirov/wallet/pkg/wallet/service.go:123.50,125.16 2 1
github.com/shuhrat-shokirov/wallet/pkg/wallet/service.go:129.2,132.12 3 1
github.com/shuhrat-shokirov/wallet/pkg/wallet/service.go:125.16,127.3 1 1
github.com/shuhrat-shokirov/wallet/pkg/wallet/service.go:135.110,137.16 2 1
github.com/shuhrat-shokirov/wallet/pkg/wallet/service.go:141.2,142.16 2 1
github.com/shuhrat-shokirov/wallet/pkg/wallet/service.go:146.2,146.30 1 1
github.com/shuhrat-shokirov/wallet/pkg/wallet/service.go:137.16,139.3 1 1
github.com/shuhrat-shokirov/wallet/pkg/wallet/service.go:142.16,144.3 1 0
github.com/shuhrat-shokirov/wallet/pkg/wallet/service.go:149.68,151.16 2 1
github.com/shuhrat-shokirov/wallet/pkg/wallet/service.go:155.2,155.78 1 1
github.com/shuhrat-shokirov/wallet/pkg/wallet/service.go:151.16,153.3 1 0
github.com/shuhrat-shokirov/wallet/pkg/wallet/service.go:158.91,160.16 2 1
github.com/shuhrat-shokirov/wallet/pkg/wallet/service.go:164.2,174.22 3 1
github.com/shuhrat-shokirov/wallet/pkg/wallet/service.go:160.16,162.3 1 0
github.com/shuhrat-shokirov/wallet/pkg/wallet/service.go:177.78,179.16 2 1
github.com/shuhrat-shokirov/wallet/pkg/wallet/service.go:183.2,184.16 2 1
github.com/shuhrat-shokirov/wallet/pkg/wallet/service.go:188.2,188.21 1 1
github.com/shuhrat-shokirov/wallet/pkg/wallet/service.go:179.16,181.3 1 0
github.com/shuhrat-shokirov/wallet/pkg/wallet/service.go:184.16,186.3 1 0
github.com/shuhrat-shokirov/wallet/pkg/wallet/service.go:191.51,193.37 2 1
github.com/shuhrat-shokirov/wallet/pkg/wallet/service.go:199.2,200.16 2 1
github.com/shuhrat-shokirov/wallet/pkg/wallet/service.go:204.2,204.12 1 1
github.com/shuhrat-shokirov/wallet/pkg/wallet/service.go:193.37,197.3 3 1
github.com/shuhrat-shokirov/wallet/pkg/wallet/service.go:200.16,202.3 1 0
github.com/shuhrat-shokirov/wallet/pkg/wallet/service.go:207.53,209.16 2 1
github.com/shuhrat-shokirov/wallet/pkg/wallet/service.go:214.2,217.35 3 1
github.com/shuhrat-shokirov/wallet/pkg/wallet/service.go:243.2,243.12 1 1
github.com/shuhrat-shokirov/wallet/pkg/wallet/service.go:209.16,212.3 2 0
github.com/shuhrat-shokirov/wallet/pkg/wallet/service.go:217.35,218.18 1 1
github.com/shuhrat-shokirov/wallet/pkg/wallet/service.go:218.18,222.18 3 1
github.com/shuhrat-shokirov/wallet/pkg/wallet/service.go:227.4,228.18 2 1
github.com/shuhrat-shokirov/wallet/pkg/wallet/service.go:233.4,239.47 2 1
github.com/shuhrat-shokirov/wallet/pkg/wallet/service.go:222.18,225.5 2 0
github.com/shuhrat-shokirov/wallet/pkg/wallet/service.go:228.18,231.5 2 0
github.com/shuhrat-shokirov/wallet/pkg/wallet/service.go:246.44,247.23 1 1
github.com/shuhrat-shokirov/wallet/pkg/wallet/service.go:261.2,261.23 1 1
github.com/shuhrat-shokirov/wallet/pkg/wallet/service.go:277.2,277.24 1 1
github.com/shuhrat-shokirov/wallet/pkg/wallet/service.go:293.2,293.12 1 1
github.com/shuhrat-shokirov/wallet/pkg/wallet/service.go:247.23,249.38 2 1
github.com/shuhrat-shokirov/wallet/pkg/wallet/service.go:255.3,256.17 2 1
github.com/shuhrat-shokirov/wallet/pkg/wallet/service.go:249.38,253.4 3 1
github.com/shuhrat-shokirov/wallet/pkg/wallet/service.go:256.17,258.4 1 0
github.com/shuhrat-shokirov/wallet/pkg/wallet/service.go:261.23,263.38 2 1
github.com/shuhrat-shokirov/wallet/pkg/wallet/service.go:271.3,272.17 2 1
github.com/shuhrat-shokirov/wallet/pkg/wallet/service.go:263.38,269.4 5 1
github.com/shuhrat-shokirov/wallet/pkg/wallet/service.go:272.17,274.4 1 0
github.com/shuhrat-shokirov/wallet/pkg/wallet/service.go:277.24,279.40 2 1
github.com/shuhrat-shokirov/wallet/pkg/wallet/service.go:287.3,288.17 2 1
github.com/shuhrat-shokirov/wallet/pkg/wallet/service.go:279.40,285.4 5 1
github.com/shuhrat-shokirov/wallet/pkg/wallet/service.go:288.17,290.4 1 0
github.com/shuhrat-shokirov/wallet/pkg/wallet/service.go:296.44,298.16 2 1
github.com/shuhrat-shokirov/wallet/pkg/wallet/service.go:303.2,304.16 2 1
github.com/shuhrat-shokirov/wallet/pkg/wallet/service.go:309.2,310.16 2 1
github.com/shuhrat-shokirov/wallet/pkg/wallet/service.go:315.2,315.12 1 1
github.com/shuhrat-shokirov/wallet/pkg/wallet/service.go:298.16,301.3 2 0
github.com/shuhrat-shokirov/wallet/pkg/wallet/service.go:304.16,307.3 2 0
github.com/shuhrat-shokirov/wallet/pkg/wallet/service.go:310.16,313.3 2 0
github.com/shuhrat-shokirov/wallet/pkg/wallet/service.go:318.55,320.16 2 1
github.com/shuhrat-shokirov/wallet/pkg/wallet/service.go:363.2,363.12 1 1
github.com/shuhrat-shokirov/wallet/pkg/wallet/service.go:320.16,324.32 3 1
github.com/shuhrat-shokirov/wallet/pkg/wallet/service.go:324.32,325.23 1 1
github.com/shuhrat-shokirov/wallet/pkg/wallet/service.go:329.4,332.18 3 1
github.com/shuhrat-shokirov/wallet/pkg/wallet/service.go:337.4,340.18 3 1
github.com/shuhrat-shokirov/wallet/pkg/wallet/service.go:345.4,346.18 2 1
github.com/shuhrat-shokirov/wallet/pkg/wallet/service.go:325.23,326.10 1 1
github.com/shuhrat-shokirov/wallet/pkg/wallet/service.go:332.18,335.5 2 0
github.com/shuhrat-shokirov/wallet/pkg/wallet/service.go:340.18,343.5 2 0
github.com/shuhrat-shokirov/wallet/pkg/wallet/service.go:346.18,348.19 2 1
github.com/shuhrat-shokirov/wallet/pkg/wallet/service.go:353.5,353.39 1 1
github.com/shuhrat-shokirov/wallet/pkg/wallet/service.go:348.19,351.6 2 0
github.com/shuhrat-shokirov/wallet/pkg/wallet/service.go:354.10,357.5 2 1
github.com/shuhrat-shokirov/wallet/pkg/wallet/service.go:359.8,361.3 1 0
github.com/shuhrat-shokirov/wallet/pkg/wallet/service.go:366.55,368.16 2 1
github.com/shuhrat-shokirov/wallet/pkg/wallet/service.go:418.2,418.12 1 1
github.com/shuhrat-shokirov/wallet/pkg/wallet/service.go:368.16,372.32 3 1
github.com/shuhrat-shokirov/wallet/pkg/wallet/service.go:372.32,373.23 1 1
github.com/shuhrat-shokirov/wallet/pkg/wallet/service.go:377.4,381.18 4 1
github.com/shuhrat-shokirov/wallet/pkg/wallet/service.go:386.4,387.18 2 1
github.com/shuhrat-shokirov/wallet/pkg/wallet/service.go:392.4,397.18 4 1
github.com/shuhrat-shokirov/wallet/pkg/wallet/service.go:373.23,374.10 1 1
github.com/shuhrat-shokirov/wallet/pkg/wallet/service.go:381.18,384.5 2 0
github.com/shuhrat-shokirov/wallet/pkg/wallet/service.go:387.18,390.5 2 0
github.com/shuhrat-shokirov/wallet/pkg/wallet/service.go:397.18,407.5 2 1
github.com/shuhrat-shokirov/wallet/pkg/wallet/service.go:407.10,412.5 4 0
github.com/shuhrat-shokirov/wallet/pkg/wallet/service.go:414.8,416.3 1 0
github.com/shuhrat-shokirov/wallet/pkg/wallet/service.go:421.56,423.16 2 1
github.com/shuhrat-shokirov/wallet/pkg/wallet/service.go:473.2,473.12 1 1
github.com/shuhrat-shokirov/wallet/pkg/wallet/service.go:423.16,427.32 3 1
github.com/shuhrat-shokirov/wallet/pkg/wallet/service.go:427.32,428.23 1 1
github.com/shuhrat-shokirov/wallet/pkg/wallet/service.go:432.4,436.18 4 1
github.com/shuhrat-shokirov/wallet/pkg/wallet/service.go:441.4,444.18 3 1
github.com/shuhrat-shokirov/wallet/pkg/wallet/service.go:449.4,452.18 3 1
github.com/shuhrat-shokirov/wallet/pkg/wallet/service.go:428.23,429.10 1 1
github.com/shuhrat-shokirov/wallet/pkg/wallet/service.go:436.18,439.5 2 0
github.com/shuhrat-shokirov/wallet/pkg/wallet/service.go:444.18,447.5 2 0
github.com/shuhrat-shokirov/wallet/pkg/wallet/service.go:452.18,462.5 2 1
github.com/shuhrat-shokirov/wallet/pkg/wallet/service.go:462.10,467.5 4 0
github.com/shuhrat-shokirov/wallet/pkg/wallet/service.go:469.8,471.3 1 0
github.com/shuhrat-shokirov/wallet/pkg/wallet/service.go:476.72,477.39 1 1
github.com/shuhrat-shokirov/wallet/pkg/wallet/service.go:483.2,483.33 1 1
github.com/shuhrat-shokirov/wallet/pkg/wallet/service.go:477.39,478.24 1 1
github.com/shuhrat-shokirov/wallet/pkg/wallet/service.go:478.24,480.4 1 1
github.com/shuhrat-shokirov/wallet/pkg/wallet/service.go:486.44,488.16 2 1
github.com/shuhrat-shokirov/wallet/pkg/wallet/service.go:493.2,493.15 1 1
github.com/shuhrat-shokirov/wallet/pkg/wallet/service.go:500.2,501.16 2 1
github.com/shuhrat-shokirov/wallet/pkg/wallet/service.go:506.2,506.12 1 1
github.com/shuhrat-shokirov/wallet/pkg/wallet/service.go:488.16,491.3 2 0
github.com/shuhrat-shokirov/wallet/pkg/wallet/service.go:493.15,495.17 2 1
github.com/shuhrat-shokirov/wallet/pkg/wallet/service.go:495.17,497.4 1 0
github.com/shuhrat-shokirov/wallet/pkg/wallet/service.go:501.16,504.3 2 0
github.com/shuhrat-shokirov/wallet/pkg/wallet/service.go:509.95,511.16 2 0
github.com/shuhrat-shokirov/wallet/pkg/wallet/service.go:516.2,516.37 1 0
github.com/shuhrat-shokirov/wallet/pkg/wallet/service.go:522.2,522.24 1 0
github.com/shuhrat-shokirov/wallet/pkg/wallet/service.go:527.2,527.22 1 0
github.com/shuhrat-shokirov/wallet/pkg/wallet/service.go:511.16,514.3 2 0
github.com/shuhrat-shokirov/wallet/pkg/wallet/service.go:516.37,517.37 1 0
github.com/shuhrat-shokirov/wallet/pkg/wallet/service.go:517.37,519.4 1 0
github.com/shuhrat-shokirov/wallet/pkg/wallet/service.go:522.24,525.3 2 0
github.com/shuhrat-shokirov/wallet/pkg/wallet/service.go:530.91,531.24 1 0
github.com/shuhrat-shokirov/wallet/pkg/wallet/service.go:536.2,536.29 1 0
github.com/shuhrat-shokirov/wallet/pkg/wallet/service.go:552.2,553.35 2 0
github.com/shuhrat-shokirov/wallet/pkg/wallet/service.go:569.2,569.18 1 0
github.com/shuhrat-shokirov/wallet/pkg/wallet/service.go:576.2,576.12 1 0
github.com/shuhrat-shokirov/wallet/pkg/wallet/service.go:531.24,534.3 2 0
github.com/shuhrat-shokirov/wallet/pkg/wallet/service.go:536.29,538.38 2 0
github.com/shuhrat-shokirov/wallet/pkg/wallet/service.go:546.3,547.17 2 0
github.com/shuhrat-shokirov/wallet/pkg/wallet/service.go:538.38,544.4 5 0
github.com/shuhrat-shokirov/wallet/pkg/wallet/service.go:547.17,549.4 1 0
github.com/shuhrat-shokirov/wallet/pkg/wallet/service.go:553.35,560.21 6 0
github.com/shuhrat-shokirov/wallet/pkg/wallet/service.go:560.21,562.18 2 0
github.com/shuhrat-shokirov/wallet/pkg/wallet/service.go:565.4,565.15 1 0
github.com/shuhrat-shokirov/wallet/pkg/wallet/service.go:562.18,564.5 1 0
github.com/shuhrat-shokirov/wallet/pkg/wallet/service.go:569.18,571.17 2 0
github.com/shuhrat-shokirov/wallet/pkg/wallet/service.go:571.17,573.4 1 0
